Fri Nov 01 2024 18:48:14 GMT+0000 (Coordinated Universal Time)[INFO] [
    {
        "orderId": 1,
        "userId": 1,
        "product": "Yam",
        "quantity": 5
    },
    {
        "orderId": 2,
        "userId": 2,
        "product": "Goat",
        "quantity": 1
    },
    {
        "orderId": 3,
        "userId": 3,
        "product": "Fish",
        "quantity": 1
    },
    {
        "orderId": 4,
        "userId": 1,
        "product": "Rice",
        "quantity": 3
    }
]Fri Nov 01 2024 18:48:28 GMT+0000 (Coordinated Universal Time)[INFO] [
    {
        "orderId": 1,
        "userId": 1,
        "product": "Yam",
        "quantity": 5
    },
    {
        "orderId": 2,
        "userId": 2,
        "product": "Goat",
        "quantity": 1
    },
    {
        "orderId": 3,
        "userId": 3,
        "product": "Fish",
        "quantity": 1
    },
    {
        "orderId": 4,
        "userId": 1,
        "product": "Rice",
        "quantity": 3
    }
]